<?xml version="1.0" encoding="UTF-8"?>
<testsuites name="Logout Feature" time="27.311" tests="1" failures="0" errors="0">
   <testsuite name="Logout Feature" tests="1" failures="0" errors="0" time="27.311" skipped="0" timestamp="2023-02-15 12:17:15" hostname="syamm - DESKTOP-DSCHIOM" id="Test Suites/Logout Feature">
      <properties>
         <property name="deviceName" value=""/>
         <property name="devicePlatform" value=""/>
         <property name="logFolder" value="C:\\Users\\syamm\\Documents\\Katalon\\SaucelabsAutomationTest\\SauceLabs Web Project\\Reports\\20230215_121659\\Logout Feature\\20230215_121659"/>
         <property name="logFiles" value="C:\\Users\\syamm\\Documents\\Katalon\\SaucelabsAutomationTest\\SauceLabs Web Project\\Reports\\20230215_121659\\Logout Feature\\20230215_121659\\execution0.log"/>
         <property name="attachments" value=""/>
         <property name="hostName" value="syamm - DESKTOP-DSCHIOM"/>
         <property name="os" value="Windows 10 64bit"/>
         <property name="katalonVersion" value="8.5.5.208"/>
         <property name="browser" value="Chrome 110.0.0.0"/>
         <property name="hostAddress" value="192.168.18.76"/>
         <property name="sessionId" value="d36dee27d617882a5a12f67db5e7bd64"/>
         <property name="seleniumVersion" value="3.141.59"/>
         <property name="proxyInformation" value="ProxyInformation { proxyOption=NO_PROXY, proxyServerType=HTTP, username=, password=********, proxyServerAddress=, proxyServerPort=0, executionList=&quot;&quot;, isApplyToDesiredCapabilities=true }"/>
         <property name="platform" value="Windows 10"/>
      </properties>
      <testcase name="Test Cases/Step Definition/Logout Feature/LGO001 - User want to logout" time="21.59" classname="Test Cases/Step Definition/Logout Feature/LGO001 - User want to logout" status="PASSED">
         <system-out><![CDATA[2023-02-15 12:17:21 - [TEST_CASE][PASSED] - Test Cases/Step Definition/Logout Feature/LGO001 - User want to logout: Test Cases/Step Definition/Logout Feature/LGO001 - User want to logout

2023-02-15 12:17:21 - [TEST_STEP][PASSED] - Start listener action : beforeTestCase: Navigate to 'https://www.saucedemo.com/' successfully

2023-02-15 12:17:21 - [TEST_STEP][PASSED] - logInfo("Test Case: " + testCaseContext.getTestCaseId()): Test Case: Test Cases/Step Definition/Logout Feature/LGO001 - User want to logout

2023-02-15 12:17:21 - [MESSAGE][INFO] - Test Case: Test Cases/Step Definition/Logout Feature/LGO001 - User want to logout

2023-02-15 12:17:21 - [TEST_STEP][PASSED] - openBrowser(): null

2023-02-15 12:17:21 - [TEST_STEP][PASSED] - openBrowser(""): Browser is opened with url: ''

2023-02-15 12:17:21 - [MESSAGE][WARNING] - A browser is already opened. Closing browser and opening a new one

2023-02-15 12:17:22 - [MESSAGE][INFO] - Starting 'Chrome' driver

2023-02-15 12:17:22 - [MESSAGE][INFO] - Action delay is set to 0 milliseconds

2023-02-15 12:17:23 - [MESSAGE][PASSED] - Browser is opened with url: ''

2023-02-15 12:17:23 - [TEST_STEP][PASSED] - navigateToUrl("https://www.saucedemo.com/"): Navigate to 'https://www.saucedemo.com/' successfully

2023-02-15 12:17:24 - [MESSAGE][PASSED] - Navigate to 'https://www.saucedemo.com/' successfully

2023-02-15 12:17:24 - [TEST_STEP][PASSED] - callTestCase(findTestCase("Step Definition/Login Feature/LGI005 - User want to login using correct credential"), [:], STOP_ON_FAILURE): Call Test Case 'Test Cases/Step Definition/Login Feature/LGI005 - User want to login using correct credential' successfully

2023-02-15 12:17:25 - [TEST_CASE][PASSED] - Test Cases/Step Definition/Login Feature/LGI005 - User want to login using correct credential: Test Cases/Step Definition/Login Feature/LGI005 - User want to login using correct credential

2023-02-15 12:17:26 - [TEST_STEP][PASSED] - callTestCase(findTestCase("Login Page/Verify Element"), [:], STOP_ON_FAILURE): Call Test Case 'Test Cases/Login Page/Verify Element' successfully

2023-02-15 12:17:26 - [TEST_CASE][PASSED] - Test Cases/Login Page/Verify Element: Test Cases/Login Page/Verify Element

2023-02-15 12:17:26 - [TEST_STEP][PASSED] - verifyElementVisible(findTestObject("Login Page/btn_login")): Object 'Object Repository/Login Page/btn_login' is visible

2023-02-15 12:17:27 - [MESSAGE][PASSED] - Object 'Object Repository/Login Page/btn_login' is visible

2023-02-15 12:17:27 - [TEST_STEP][PASSED] - verifyElementVisible(findTestObject("Login Page/img_robotImage")): Object 'Object Repository/Login Page/img_robotImage' is visible

2023-02-15 12:17:27 - [MESSAGE][PASSED] - Object 'Object Repository/Login Page/img_robotImage' is visible

2023-02-15 12:17:27 - [TEST_STEP][PASSED] - verifyElementVisible(findTestObject("Login Page/img_swaglabsLogo")): Object 'Object Repository/Login Page/img_swaglabsLogo' is visible

2023-02-15 12:17:28 - [MESSAGE][PASSED] - Object 'Object Repository/Login Page/img_swaglabsLogo' is visible

2023-02-15 12:17:28 - [TEST_STEP][PASSED] - verifyElementVisible(findTestObject("Login Page/txtfield_password")): Object 'Object Repository/Login Page/txtfield_password' is visible

2023-02-15 12:17:28 - [MESSAGE][PASSED] - Object 'Object Repository/Login Page/txtfield_password' is visible

2023-02-15 12:17:28 - [TEST_STEP][PASSED] - verifyElementVisible(findTestObject("Login Page/txtfield_username")): Object 'Object Repository/Login Page/txtfield_username' is visible

2023-02-15 12:17:29 - [MESSAGE][PASSED] - Object 'Object Repository/Login Page/txtfield_username' is visible

2023-02-15 12:17:29 - [MESSAGE][PASSED] - Call Test Case 'Test Cases/Login Page/Verify Element' successfully

2023-02-15 12:17:29 - [TEST_STEP][PASSED] - callTestCase(findTestCase("Login Page/Input Username"), ["username":"standard_user"], STOP_ON_FAILURE): Call Test Case 'Test Cases/Login Page/Input Username' successfully

2023-02-15 12:17:29 - [TEST_CASE][PASSED] - Test Cases/Login Page/Input Username: Test Cases/Login Page/Input Username

2023-02-15 12:17:30 - [TEST_STEP][PASSED] - clearText(findTestObject("Login Page/txtfield_username")): Text of object 'Object Repository/Login Page/txtfield_username' is cleared

2023-02-15 12:17:30 - [MESSAGE][PASSED] - Text of object 'Object Repository/Login Page/txtfield_username' is cleared

2023-02-15 12:17:30 - [TEST_STEP][PASSED] - setText(findTestObject("Login Page/txtfield_username"), username): Text 'standard_user' is set on object 'Object Repository/Login Page/txtfield_username'

2023-02-15 12:17:31 - [MESSAGE][PASSED] - Text 'standard_user' is set on object 'Object Repository/Login Page/txtfield_username'

2023-02-15 12:17:31 - [MESSAGE][PASSED] - Call Test Case 'Test Cases/Login Page/Input Username' successfully

2023-02-15 12:17:31 - [TEST_STEP][PASSED] - callTestCase(findTestCase("Login Page/Input Password"), ["password":"secret_sauce"], STOP_ON_FAILURE): Call Test Case 'Test Cases/Login Page/Input Password' successfully

2023-02-15 12:17:31 - [TEST_CASE][PASSED] - Test Cases/Login Page/Input Password: Test Cases/Login Page/Input Password

2023-02-15 12:17:32 - [TEST_STEP][PASSED] - clearText(findTestObject("Login Page/txtfield_password")): Text of object 'Object Repository/Login Page/txtfield_password' is cleared

2023-02-15 12:17:32 - [MESSAGE][PASSED] - Text of object 'Object Repository/Login Page/txtfield_password' is cleared

2023-02-15 12:17:32 - [TEST_STEP][PASSED] - setText(findTestObject("Login Page/txtfield_password"), password): Text 'secret_sauce' is set on object 'Object Repository/Login Page/txtfield_password'

2023-02-15 12:17:33 - [MESSAGE][PASSED] - Text 'secret_sauce' is set on object 'Object Repository/Login Page/txtfield_password'

2023-02-15 12:17:33 - [MESSAGE][PASSED] - Call Test Case 'Test Cases/Login Page/Input Password' successfully

2023-02-15 12:17:33 - [TEST_STEP][PASSED] - callTestCase(findTestCase("Login Page/Click Login"), [:], STOP_ON_FAILURE): Call Test Case 'Test Cases/Login Page/Click Login' successfully

2023-02-15 12:17:33 - [TEST_CASE][PASSED] - Test Cases/Login Page/Click Login: Test Cases/Login Page/Click Login

2023-02-15 12:17:34 - [TEST_STEP][PASSED] - click(findTestObject("Login Page/btn_login")): Object: 'Object Repository/Login Page/btn_login' is clicked on

2023-02-15 12:17:34 - [MESSAGE][PASSED] - Object: 'Object Repository/Login Page/btn_login' is clicked on

2023-02-15 12:17:34 - [MESSAGE][PASSED] - Call Test Case 'Test Cases/Login Page/Click Login' successfully

2023-02-15 12:17:34 - [TEST_STEP][PASSED] - callTestCase(findTestCase("Home Page/Read Title Page"), ["expected":"PRODUCTS"], STOP_ON_FAILURE): Call Test Case 'Test Cases/Home Page/Read Title Page' successfully

2023-02-15 12:17:34 - [TEST_CASE][PASSED] - Test Cases/Home Page/Read Title Page: Test Cases/Home Page/Read Title Page

2023-02-15 12:17:35 - [TEST_STEP][PASSED] - verifyElementVisible(findTestObject("Home Page/titlePage_PRODUCTS")): Object 'Object Repository/Home Page/titlePage_PRODUCTS' is visible

2023-02-15 12:17:36 - [MESSAGE][PASSED] - Object 'Object Repository/Home Page/titlePage_PRODUCTS' is visible

2023-02-15 12:17:36 - [TEST_STEP][PASSED] - titlePage = getText(findTestObject("Home Page/titlePage_PRODUCTS")): Text of object 'Object Repository/Home Page/titlePage_PRODUCTS' is: 'PRODUCTS'

2023-02-15 12:17:36 - [MESSAGE][PASSED] - Text of object 'Object Repository/Home Page/titlePage_PRODUCTS' is: 'PRODUCTS'

2023-02-15 12:17:36 - [TEST_STEP][PASSED] - logInfo("Title Page: " + titlePage): Title Page: PRODUCTS

2023-02-15 12:17:36 - [MESSAGE][INFO] - Title Page: PRODUCTS

2023-02-15 12:17:36 - [TEST_STEP][PASSED] - verifyMatch(titlePage, expected, false): Actual text 'PRODUCTS' and expected text 'PRODUCTS' are matched 

2023-02-15 12:17:36 - [MESSAGE][PASSED] - Actual text 'PRODUCTS' and expected text 'PRODUCTS' are matched 

2023-02-15 12:17:36 - [MESSAGE][PASSED] - Call Test Case 'Test Cases/Home Page/Read Title Page' successfully

2023-02-15 12:17:36 - [MESSAGE][PASSED] - Call Test Case 'Test Cases/Step Definition/Login Feature/LGI005 - User want to login using correct credential' successfully

2023-02-15 12:17:36 - [TEST_STEP][PASSED] - callTestCase(findTestCase("Home Page/Click Menu"), [:], STOP_ON_FAILURE): Call Test Case 'Test Cases/Home Page/Click Menu' successfully

2023-02-15 12:17:36 - [TEST_CASE][PASSED] - Test Cases/Home Page/Click Menu: Test Cases/Home Page/Click Menu

2023-02-15 12:17:37 - [TEST_STEP][PASSED] - click(findTestObject("Home Page/btn_menu")): Object: 'Object Repository/Home Page/btn_menu' is clicked on

2023-02-15 12:17:38 - [MESSAGE][PASSED] - Object: 'Object Repository/Home Page/btn_menu' is clicked on

2023-02-15 12:17:38 - [MESSAGE][PASSED] - Call Test Case 'Test Cases/Home Page/Click Menu' successfully

2023-02-15 12:17:38 - [TEST_STEP][PASSED] - callTestCase(findTestCase("Home Page/Click Logout Menu"), [:], STOP_ON_FAILURE): Call Test Case 'Test Cases/Home Page/Click Logout Menu' successfully

2023-02-15 12:17:38 - [TEST_CASE][PASSED] - Test Cases/Home Page/Click Logout Menu: Test Cases/Home Page/Click Logout Menu

2023-02-15 12:17:38 - [TEST_STEP][PASSED] - click(findTestObject("Home Page/Menu_Logout")): Object: 'Object Repository/Home Page/Menu_Logout' is clicked on

2023-02-15 12:17:39 - [MESSAGE][PASSED] - Object: 'Object Repository/Home Page/Menu_Logout' is clicked on

2023-02-15 12:17:39 - [MESSAGE][PASSED] - Call Test Case 'Test Cases/Home Page/Click Logout Menu' successfully

2023-02-15 12:17:39 - [TEST_STEP][PASSED] - callTestCase(findTestCase("Login Page/Verify Element"), [:], STOP_ON_FAILURE): Call Test Case 'Test Cases/Login Page/Verify Element' successfully

2023-02-15 12:17:39 - [TEST_CASE][PASSED] - Test Cases/Login Page/Verify Element: Test Cases/Login Page/Verify Element

2023-02-15 12:17:39 - [TEST_STEP][PASSED] - verifyElementVisible(findTestObject("Login Page/btn_login")): Object 'Object Repository/Login Page/btn_login' is visible

2023-02-15 12:17:39 - [MESSAGE][PASSED] - Object 'Object Repository/Login Page/btn_login' is visible

2023-02-15 12:17:39 - [TEST_STEP][PASSED] - verifyElementVisible(findTestObject("Login Page/img_robotImage")): Object 'Object Repository/Login Page/img_robotImage' is visible

2023-02-15 12:17:40 - [MESSAGE][PASSED] - Object 'Object Repository/Login Page/img_robotImage' is visible

2023-02-15 12:17:40 - [TEST_STEP][PASSED] - verifyElementVisible(findTestObject("Login Page/img_swaglabsLogo")): Object 'Object Repository/Login Page/img_swaglabsLogo' is visible

2023-02-15 12:17:40 - [MESSAGE][PASSED] - Object 'Object Repository/Login Page/img_swaglabsLogo' is visible

2023-02-15 12:17:40 - [TEST_STEP][PASSED] - verifyElementVisible(findTestObject("Login Page/txtfield_password")): Object 'Object Repository/Login Page/txtfield_password' is visible

2023-02-15 12:17:41 - [MESSAGE][PASSED] - Object 'Object Repository/Login Page/txtfield_password' is visible

2023-02-15 12:17:41 - [TEST_STEP][PASSED] - verifyElementVisible(findTestObject("Login Page/txtfield_username")): Object 'Object Repository/Login Page/txtfield_username' is visible

2023-02-15 12:17:41 - [MESSAGE][PASSED] - Object 'Object Repository/Login Page/txtfield_username' is visible

2023-02-15 12:17:41 - [MESSAGE][PASSED] - Call Test Case 'Test Cases/Login Page/Verify Element' successfully

2023-02-15 12:17:41 - [TEST_STEP][PASSED] - Start listener action : afterTestCase: Browser is closed

2023-02-15 12:17:41 - [TEST_STEP][PASSED] - logInfo("Test Case: " + testCaseContext.getTestCaseId()): Test Case: Test Cases/Step Definition/Logout Feature/LGO001 - User want to logout

2023-02-15 12:17:41 - [MESSAGE][INFO] - Test Case: Test Cases/Step Definition/Logout Feature/LGO001 - User want to logout

2023-02-15 12:17:41 - [TEST_STEP][PASSED] - closeBrowser(): null

2023-02-15 12:17:41 - [TEST_STEP][PASSED] - closeBrowser(): Browser is closed

2023-02-15 12:17:42 - [MESSAGE][PASSED] - Browser is closed]]></system-out>
         <system-err><![CDATA[]]></system-err>
      </testcase>
      <system-out><![CDATA[2023-02-15 12:17:15 - [TEST_SUITE][PASSED] - Logout Feature: Test Cases/Step Definition/Logout Feature/LGO001 - User want to logout]]></system-out>
      <system-err><![CDATA[]]></system-err>
   </testsuite>
</testsuites>
