<?xml version="1.0" encoding="UTF-8"?>
<testsuites name="Login Feature" time="58.062" tests="5" failures="0" errors="0">
   <testsuite name="Login Feature" tests="5" failures="0" errors="0" time="58.062" skipped="0" timestamp="2023-02-15 12:14:25" hostname="syamm - DESKTOP-DSCHIOM" id="Test Suites/Login Feature">
      <properties>
         <property name="deviceName" value=""/>
         <property name="devicePlatform" value=""/>
         <property name="logFolder" value="C:\\Users\\syamm\\Documents\\Katalon\\SaucelabsAutomationTest\\SauceLabs Web Project\\Reports\\20230215_121413\\Login Feature\\20230215_121413"/>
         <property name="logFiles" value="C:\\Users\\syamm\\Documents\\Katalon\\SaucelabsAutomationTest\\SauceLabs Web Project\\Reports\\20230215_121413\\Login Feature\\20230215_121413\\execution0.log"/>
         <property name="attachments" value=""/>
         <property name="hostName" value="syamm - DESKTOP-DSCHIOM"/>
         <property name="os" value="Windows 10 64bit"/>
         <property name="katalonVersion" value="8.5.5.208"/>
         <property name="browser" value="Chrome 110.0.0.0"/>
         <property name="hostAddress" value="192.168.18.76"/>
         <property name="sessionId" value="0a2d16b46e8a60af7d81d8f43cb05fcf"/>
         <property name="seleniumVersion" value="3.141.59"/>
         <property name="proxyInformation" value="ProxyInformation { proxyOption=NO_PROXY, proxyServerType=HTTP, username=, password=********, proxyServerAddress=, proxyServerPort=0, executionList=&quot;&quot;, isApplyToDesiredCapabilities=true }"/>
         <property name="platform" value="Windows 10"/>
      </properties>
      <testcase name="Test Cases/Step Definition/Login Feature/LGI001 - User want to login without input username and password" time="10.84" classname="Test Cases/Step Definition/Login Feature/LGI001 - User want to login without input username and password" status="PASSED">
         <system-out><![CDATA[2023-02-15 12:14:30 - [TEST_CASE][PASSED] - Test Cases/Step Definition/Login Feature/LGI001 - User want to login without input username and password: Test Cases/Step Definition/Login Feature/LGI001 - User want to login without input username and password

2023-02-15 12:14:30 - [TEST_STEP][PASSED] - Start listener action : beforeTestCase: Navigate to 'https://www.saucedemo.com/' successfully

2023-02-15 12:14:30 - [TEST_STEP][PASSED] - logInfo("Test Case: " + testCaseContext.getTestCaseId()): Test Case: Test Cases/Step Definition/Login Feature/LGI001 - User want to login without input username and password

2023-02-15 12:14:30 - [MESSAGE][INFO] - Test Case: Test Cases/Step Definition/Login Feature/LGI001 - User want to login without input username and password

2023-02-15 12:14:30 - [TEST_STEP][PASSED] - openBrowser(): null

2023-02-15 12:14:30 - [TEST_STEP][PASSED] - openBrowser(""): Browser is opened with url: ''

2023-02-15 12:14:30 - [MESSAGE][WARNING] - A browser is already opened. Closing browser and opening a new one

2023-02-15 12:14:31 - [MESSAGE][INFO] - Starting 'Chrome' driver

2023-02-15 12:14:31 - [MESSAGE][INFO] - Action delay is set to 0 milliseconds

2023-02-15 12:14:33 - [MESSAGE][PASSED] - Browser is opened with url: ''

2023-02-15 12:14:33 - [TEST_STEP][PASSED] - navigateToUrl("https://www.saucedemo.com/"): Navigate to 'https://www.saucedemo.com/' successfully

2023-02-15 12:14:33 - [MESSAGE][PASSED] - Navigate to 'https://www.saucedemo.com/' successfully

2023-02-15 12:14:34 - [TEST_STEP][PASSED] - callTestCase(findTestCase("Login Page/Verify Element"), [:], STOP_ON_FAILURE): Call Test Case 'Test Cases/Login Page/Verify Element' successfully

2023-02-15 12:14:34 - [TEST_CASE][PASSED] - Test Cases/Login Page/Verify Element: Test Cases/Login Page/Verify Element

2023-02-15 12:14:35 - [TEST_STEP][PASSED] - verifyElementVisible(findTestObject("Login Page/btn_login")): Object 'Object Repository/Login Page/btn_login' is visible

2023-02-15 12:14:35 - [MESSAGE][PASSED] - Object 'Object Repository/Login Page/btn_login' is visible

2023-02-15 12:14:35 - [TEST_STEP][PASSED] - verifyElementVisible(findTestObject("Login Page/img_robotImage")): Object 'Object Repository/Login Page/img_robotImage' is visible

2023-02-15 12:14:36 - [MESSAGE][PASSED] - Object 'Object Repository/Login Page/img_robotImage' is visible

2023-02-15 12:14:36 - [TEST_STEP][PASSED] - verifyElementVisible(findTestObject("Login Page/img_swaglabsLogo")): Object 'Object Repository/Login Page/img_swaglabsLogo' is visible

2023-02-15 12:14:36 - [MESSAGE][PASSED] - Object 'Object Repository/Login Page/img_swaglabsLogo' is visible

2023-02-15 12:14:36 - [TEST_STEP][PASSED] - verifyElementVisible(findTestObject("Login Page/txtfield_password")): Object 'Object Repository/Login Page/txtfield_password' is visible

2023-02-15 12:14:37 - [MESSAGE][PASSED] - Object 'Object Repository/Login Page/txtfield_password' is visible

2023-02-15 12:14:37 - [TEST_STEP][PASSED] - verifyElementVisible(findTestObject("Login Page/txtfield_username")): Object 'Object Repository/Login Page/txtfield_username' is visible

2023-02-15 12:14:37 - [MESSAGE][PASSED] - Object 'Object Repository/Login Page/txtfield_username' is visible

2023-02-15 12:14:37 - [MESSAGE][PASSED] - Call Test Case 'Test Cases/Login Page/Verify Element' successfully

2023-02-15 12:14:37 - [TEST_STEP][PASSED] - callTestCase(findTestCase("Login Page/Click Login"), [:], STOP_ON_FAILURE): Call Test Case 'Test Cases/Login Page/Click Login' successfully

2023-02-15 12:14:37 - [TEST_CASE][PASSED] - Test Cases/Login Page/Click Login: Test Cases/Login Page/Click Login

2023-02-15 12:14:38 - [TEST_STEP][PASSED] - click(findTestObject("Login Page/btn_login")): Object: 'Object Repository/Login Page/btn_login' is clicked on

2023-02-15 12:14:38 - [MESSAGE][PASSED] - Object: 'Object Repository/Login Page/btn_login' is clicked on

2023-02-15 12:14:38 - [MESSAGE][PASSED] - Call Test Case 'Test Cases/Login Page/Click Login' successfully

2023-02-15 12:14:38 - [TEST_STEP][PASSED] - callTestCase(findTestCase("Login Page/Read Error Message"), ["expected":"Epic sadface: Username is required"], STOP_ON_FAILURE): Call Test Case 'Test Cases/Login Page/Read Error Message' successfully

2023-02-15 12:14:39 - [TEST_CASE][PASSED] - Test Cases/Login Page/Read Error Message: Test Cases/Login Page/Read Error Message

2023-02-15 12:14:39 - [TEST_STEP][PASSED] - verifyElementVisible(findTestObject("Login Page/txt_errorMessage")): Object 'Object Repository/Login Page/txt_errorMessage' is visible

2023-02-15 12:14:40 - [MESSAGE][PASSED] - Object 'Object Repository/Login Page/txt_errorMessage' is visible

2023-02-15 12:14:40 - [TEST_STEP][PASSED] - errorText = getText(findTestObject("Login Page/txt_errorMessage")): Text of object 'Object Repository/Login Page/txt_errorMessage' is: 'Epic sadface: Username is required'

2023-02-15 12:14:40 - [MESSAGE][PASSED] - Text of object 'Object Repository/Login Page/txt_errorMessage' is: 'Epic sadface: Username is required'

2023-02-15 12:14:40 - [TEST_STEP][PASSED] - logInfo("Error Text: " + errorText): Error Text: Epic sadface: Username is required

2023-02-15 12:14:40 - [MESSAGE][INFO] - Error Text: Epic sadface: Username is required

2023-02-15 12:14:40 - [TEST_STEP][PASSED] - verifyMatch(errorText, expected, false): Actual text 'Epic sadface: Username is required' and expected text 'Epic sadface: Username is required' are matched 

2023-02-15 12:14:40 - [MESSAGE][PASSED] - Actual text 'Epic sadface: Username is required' and expected text 'Epic sadface: Username is required' are matched 

2023-02-15 12:14:40 - [MESSAGE][PASSED] - Call Test Case 'Test Cases/Login Page/Read Error Message' successfully

2023-02-15 12:14:40 - [TEST_STEP][PASSED] - Start listener action : afterTestCase: Browser is closed

2023-02-15 12:14:40 - [TEST_STEP][PASSED] - logInfo("Test Case: " + testCaseContext.getTestCaseId()): Test Case: Test Cases/Step Definition/Login Feature/LGI001 - User want to login without input username and password

2023-02-15 12:14:40 - [MESSAGE][INFO] - Test Case: Test Cases/Step Definition/Login Feature/LGI001 - User want to login without input username and password

2023-02-15 12:14:40 - [TEST_STEP][PASSED] - closeBrowser(): null

2023-02-15 12:14:40 - [TEST_STEP][PASSED] - closeBrowser(): Browser is closed

2023-02-15 12:14:41 - [MESSAGE][PASSED] - Browser is closed]]></system-out>
         <system-err><![CDATA[]]></system-err>
      </testcase>
      <testcase name="Test Cases/Step Definition/Login Feature/LGI002 - User want to login only input registered username" time="11.9" classname="Test Cases/Step Definition/Login Feature/LGI002 - User want to login only input registered username" status="PASSED">
         <system-out><![CDATA[2023-02-15 12:14:41 - [TEST_CASE][PASSED] - Test Cases/Step Definition/Login Feature/LGI002 - User want to login only input registered username: Test Cases/Step Definition/Login Feature/LGI002 - User want to login only input registered username

2023-02-15 12:14:41 - [TEST_STEP][PASSED] - Start listener action : beforeTestCase: Navigate to 'https://www.saucedemo.com/' successfully

2023-02-15 12:14:41 - [TEST_STEP][PASSED] - logInfo("Test Case: " + testCaseContext.getTestCaseId()): Test Case: Test Cases/Step Definition/Login Feature/LGI002 - User want to login only input registered username

2023-02-15 12:14:41 - [MESSAGE][INFO] - Test Case: Test Cases/Step Definition/Login Feature/LGI002 - User want to login only input registered username

2023-02-15 12:14:41 - [TEST_STEP][PASSED] - openBrowser(): null

2023-02-15 12:14:41 - [TEST_STEP][PASSED] - openBrowser(""): Browser is opened with url: ''

2023-02-15 12:14:41 - [MESSAGE][INFO] - Starting 'Chrome' driver

2023-02-15 12:14:41 - [MESSAGE][INFO] - Action delay is set to 0 milliseconds

2023-02-15 12:14:42 - [MESSAGE][PASSED] - Browser is opened with url: ''

2023-02-15 12:14:42 - [TEST_STEP][PASSED] - navigateToUrl("https://www.saucedemo.com/"): Navigate to 'https://www.saucedemo.com/' successfully

2023-02-15 12:14:43 - [MESSAGE][PASSED] - Navigate to 'https://www.saucedemo.com/' successfully

2023-02-15 12:14:44 - [TEST_STEP][PASSED] - callTestCase(findTestCase("Login Page/Verify Element"), [:], STOP_ON_FAILURE): Call Test Case 'Test Cases/Login Page/Verify Element' successfully

2023-02-15 12:14:44 - [TEST_CASE][PASSED] - Test Cases/Login Page/Verify Element: Test Cases/Login Page/Verify Element

2023-02-15 12:14:44 - [TEST_STEP][PASSED] - verifyElementVisible(findTestObject("Login Page/btn_login")): Object 'Object Repository/Login Page/btn_login' is visible

2023-02-15 12:14:44 - [MESSAGE][PASSED] - Object 'Object Repository/Login Page/btn_login' is visible

2023-02-15 12:14:44 - [TEST_STEP][PASSED] - verifyElementVisible(findTestObject("Login Page/img_robotImage")): Object 'Object Repository/Login Page/img_robotImage' is visible

2023-02-15 12:14:45 - [MESSAGE][PASSED] - Object 'Object Repository/Login Page/img_robotImage' is visible

2023-02-15 12:14:45 - [TEST_STEP][PASSED] - verifyElementVisible(findTestObject("Login Page/img_swaglabsLogo")): Object 'Object Repository/Login Page/img_swaglabsLogo' is visible

2023-02-15 12:14:45 - [MESSAGE][PASSED] - Object 'Object Repository/Login Page/img_swaglabsLogo' is visible

2023-02-15 12:14:45 - [TEST_STEP][PASSED] - verifyElementVisible(findTestObject("Login Page/txtfield_password")): Object 'Object Repository/Login Page/txtfield_password' is visible

2023-02-15 12:14:46 - [MESSAGE][PASSED] - Object 'Object Repository/Login Page/txtfield_password' is visible

2023-02-15 12:14:46 - [TEST_STEP][PASSED] - verifyElementVisible(findTestObject("Login Page/txtfield_username")): Object 'Object Repository/Login Page/txtfield_username' is visible

2023-02-15 12:14:46 - [MESSAGE][PASSED] - Object 'Object Repository/Login Page/txtfield_username' is visible

2023-02-15 12:14:46 - [MESSAGE][PASSED] - Call Test Case 'Test Cases/Login Page/Verify Element' successfully

2023-02-15 12:14:46 - [TEST_STEP][PASSED] - callTestCase(findTestCase("Login Page/Input Username"), ["username":"standard_user"], STOP_ON_FAILURE): Call Test Case 'Test Cases/Login Page/Input Username' successfully

2023-02-15 12:14:46 - [TEST_CASE][PASSED] - Test Cases/Login Page/Input Username: Test Cases/Login Page/Input Username

2023-02-15 12:14:47 - [TEST_STEP][PASSED] - clearText(findTestObject("Login Page/txtfield_username")): Text of object 'Object Repository/Login Page/txtfield_username' is cleared

2023-02-15 12:14:47 - [MESSAGE][PASSED] - Text of object 'Object Repository/Login Page/txtfield_username' is cleared

2023-02-15 12:14:47 - [TEST_STEP][PASSED] - setText(findTestObject("Login Page/txtfield_username"), username): Text 'standard_user' is set on object 'Object Repository/Login Page/txtfield_username'

2023-02-15 12:14:48 - [MESSAGE][PASSED] - Text 'standard_user' is set on object 'Object Repository/Login Page/txtfield_username'

2023-02-15 12:14:48 - [MESSAGE][PASSED] - Call Test Case 'Test Cases/Login Page/Input Username' successfully

2023-02-15 12:14:48 - [TEST_STEP][PASSED] - callTestCase(findTestCase("Login Page/Input Password"), ["password":""], STOP_ON_FAILURE): Call Test Case 'Test Cases/Login Page/Input Password' successfully

2023-02-15 12:14:48 - [TEST_CASE][PASSED] - Test Cases/Login Page/Input Password: Test Cases/Login Page/Input Password

2023-02-15 12:14:49 - [TEST_STEP][PASSED] - clearText(findTestObject("Login Page/txtfield_password")): Text of object 'Object Repository/Login Page/txtfield_password' is cleared

2023-02-15 12:14:50 - [MESSAGE][PASSED] - Text of object 'Object Repository/Login Page/txtfield_password' is cleared

2023-02-15 12:14:50 - [TEST_STEP][PASSED] - setText(findTestObject("Login Page/txtfield_password"), password): Text '' is set on object 'Object Repository/Login Page/txtfield_password'

2023-02-15 12:14:51 - [MESSAGE][PASSED] - Text '' is set on object 'Object Repository/Login Page/txtfield_password'

2023-02-15 12:14:51 - [MESSAGE][PASSED] - Call Test Case 'Test Cases/Login Page/Input Password' successfully

2023-02-15 12:14:51 - [TEST_STEP][PASSED] - callTestCase(findTestCase("Login Page/Click Login"), [:], STOP_ON_FAILURE): Call Test Case 'Test Cases/Login Page/Click Login' successfully

2023-02-15 12:14:51 - [TEST_CASE][PASSED] - Test Cases/Login Page/Click Login: Test Cases/Login Page/Click Login

2023-02-15 12:14:51 - [TEST_STEP][PASSED] - click(findTestObject("Login Page/btn_login")): Object: 'Object Repository/Login Page/btn_login' is clicked on

2023-02-15 12:14:51 - [MESSAGE][PASSED] - Object: 'Object Repository/Login Page/btn_login' is clicked on

2023-02-15 12:14:51 - [MESSAGE][PASSED] - Call Test Case 'Test Cases/Login Page/Click Login' successfully

2023-02-15 12:14:51 - [TEST_STEP][PASSED] - callTestCase(findTestCase("Login Page/Read Error Message"), ["expected":"Epic sadface: Password is required"], STOP_ON_FAILURE): Call Test Case 'Test Cases/Login Page/Read Error Message' successfully

2023-02-15 12:14:51 - [TEST_CASE][PASSED] - Test Cases/Login Page/Read Error Message: Test Cases/Login Page/Read Error Message

2023-02-15 12:14:51 - [TEST_STEP][PASSED] - verifyElementVisible(findTestObject("Login Page/txt_errorMessage")): Object 'Object Repository/Login Page/txt_errorMessage' is visible

2023-02-15 12:14:52 - [MESSAGE][PASSED] - Object 'Object Repository/Login Page/txt_errorMessage' is visible

2023-02-15 12:14:52 - [TEST_STEP][PASSED] - errorText = getText(findTestObject("Login Page/txt_errorMessage")): Text of object 'Object Repository/Login Page/txt_errorMessage' is: 'Epic sadface: Password is required'

2023-02-15 12:14:52 - [MESSAGE][PASSED] - Text of object 'Object Repository/Login Page/txt_errorMessage' is: 'Epic sadface: Password is required'

2023-02-15 12:14:52 - [TEST_STEP][PASSED] - logInfo("Error Text: " + errorText): Error Text: Epic sadface: Password is required

2023-02-15 12:14:52 - [MESSAGE][INFO] - Error Text: Epic sadface: Password is required

2023-02-15 12:14:52 - [TEST_STEP][PASSED] - verifyMatch(errorText, expected, false): Actual text 'Epic sadface: Password is required' and expected text 'Epic sadface: Password is required' are matched 

2023-02-15 12:14:52 - [MESSAGE][PASSED] - Actual text 'Epic sadface: Password is required' and expected text 'Epic sadface: Password is required' are matched 

2023-02-15 12:14:52 - [MESSAGE][PASSED] - Call Test Case 'Test Cases/Login Page/Read Error Message' successfully

2023-02-15 12:14:52 - [TEST_STEP][PASSED] - Start listener action : afterTestCase: Browser is closed

2023-02-15 12:14:52 - [TEST_STEP][PASSED] - logInfo("Test Case: " + testCaseContext.getTestCaseId()): Test Case: Test Cases/Step Definition/Login Feature/LGI002 - User want to login only input registered username

2023-02-15 12:14:52 - [MESSAGE][INFO] - Test Case: Test Cases/Step Definition/Login Feature/LGI002 - User want to login only input registered username

2023-02-15 12:14:52 - [TEST_STEP][PASSED] - closeBrowser(): null

2023-02-15 12:14:52 - [TEST_STEP][PASSED] - closeBrowser(): Browser is closed

2023-02-15 12:14:53 - [MESSAGE][PASSED] - Browser is closed]]></system-out>
         <system-err><![CDATA[]]></system-err>
      </testcase>
      <testcase name="Test Cases/Step Definition/Login Feature/LGI003 - User want to login only input registered password" time="9.854" classname="Test Cases/Step Definition/Login Feature/LGI003 - User want to login only input registered password" status="PASSED">
         <system-out><![CDATA[2023-02-15 12:14:53 - [TEST_CASE][PASSED] - Test Cases/Step Definition/Login Feature/LGI003 - User want to login only input registered password: Test Cases/Step Definition/Login Feature/LGI003 - User want to login only input registered password

2023-02-15 12:14:53 - [TEST_STEP][PASSED] - Start listener action : beforeTestCase: Navigate to 'https://www.saucedemo.com/' successfully

2023-02-15 12:14:53 - [TEST_STEP][PASSED] - logInfo("Test Case: " + testCaseContext.getTestCaseId()): Test Case: Test Cases/Step Definition/Login Feature/LGI003 - User want to login only input registered password

2023-02-15 12:14:53 - [MESSAGE][INFO] - Test Case: Test Cases/Step Definition/Login Feature/LGI003 - User want to login only input registered password

2023-02-15 12:14:53 - [TEST_STEP][PASSED] - openBrowser(): null

2023-02-15 12:14:53 - [TEST_STEP][PASSED] - openBrowser(""): Browser is opened with url: ''

2023-02-15 12:14:53 - [MESSAGE][INFO] - Starting 'Chrome' driver

2023-02-15 12:14:53 - [MESSAGE][INFO] - Action delay is set to 0 milliseconds

2023-02-15 12:14:54 - [MESSAGE][PASSED] - Browser is opened with url: ''

2023-02-15 12:14:54 - [TEST_STEP][PASSED] - navigateToUrl("https://www.saucedemo.com/"): Navigate to 'https://www.saucedemo.com/' successfully

2023-02-15 12:14:55 - [MESSAGE][PASSED] - Navigate to 'https://www.saucedemo.com/' successfully

2023-02-15 12:14:56 - [TEST_STEP][PASSED] - callTestCase(findTestCase("Login Page/Verify Element"), [:], STOP_ON_FAILURE): Call Test Case 'Test Cases/Login Page/Verify Element' successfully

2023-02-15 12:14:56 - [TEST_CASE][PASSED] - Test Cases/Login Page/Verify Element: Test Cases/Login Page/Verify Element

2023-02-15 12:14:56 - [TEST_STEP][PASSED] - verifyElementVisible(findTestObject("Login Page/btn_login")): Object 'Object Repository/Login Page/btn_login' is visible

2023-02-15 12:14:56 - [MESSAGE][PASSED] - Object 'Object Repository/Login Page/btn_login' is visible

2023-02-15 12:14:56 - [TEST_STEP][PASSED] - verifyElementVisible(findTestObject("Login Page/img_robotImage")): Object 'Object Repository/Login Page/img_robotImage' is visible

2023-02-15 12:14:56 - [MESSAGE][PASSED] - Object 'Object Repository/Login Page/img_robotImage' is visible

2023-02-15 12:14:56 - [TEST_STEP][PASSED] - verifyElementVisible(findTestObject("Login Page/img_swaglabsLogo")): Object 'Object Repository/Login Page/img_swaglabsLogo' is visible

2023-02-15 12:14:57 - [MESSAGE][PASSED] - Object 'Object Repository/Login Page/img_swaglabsLogo' is visible

2023-02-15 12:14:57 - [TEST_STEP][PASSED] - verifyElementVisible(findTestObject("Login Page/txtfield_password")): Object 'Object Repository/Login Page/txtfield_password' is visible

2023-02-15 12:14:57 - [MESSAGE][PASSED] - Object 'Object Repository/Login Page/txtfield_password' is visible

2023-02-15 12:14:57 - [TEST_STEP][PASSED] - verifyElementVisible(findTestObject("Login Page/txtfield_username")): Object 'Object Repository/Login Page/txtfield_username' is visible

2023-02-15 12:14:58 - [MESSAGE][PASSED] - Object 'Object Repository/Login Page/txtfield_username' is visible

2023-02-15 12:14:58 - [MESSAGE][PASSED] - Call Test Case 'Test Cases/Login Page/Verify Element' successfully

2023-02-15 12:14:58 - [TEST_STEP][PASSED] - callTestCase(findTestCase("Login Page/Input Username"), ["username":""], STOP_ON_FAILURE): Call Test Case 'Test Cases/Login Page/Input Username' successfully

2023-02-15 12:14:58 - [TEST_CASE][PASSED] - Test Cases/Login Page/Input Username: Test Cases/Login Page/Input Username

2023-02-15 12:14:58 - [TEST_STEP][PASSED] - clearText(findTestObject("Login Page/txtfield_username")): Text of object 'Object Repository/Login Page/txtfield_username' is cleared

2023-02-15 12:14:58 - [MESSAGE][PASSED] - Text of object 'Object Repository/Login Page/txtfield_username' is cleared

2023-02-15 12:14:58 - [TEST_STEP][PASSED] - setText(findTestObject("Login Page/txtfield_username"), username): Text '' is set on object 'Object Repository/Login Page/txtfield_username'

2023-02-15 12:14:59 - [MESSAGE][PASSED] - Text '' is set on object 'Object Repository/Login Page/txtfield_username'

2023-02-15 12:14:59 - [MESSAGE][PASSED] - Call Test Case 'Test Cases/Login Page/Input Username' successfully

2023-02-15 12:14:59 - [TEST_STEP][PASSED] - callTestCase(findTestCase("Login Page/Input Password"), ["password":"secret_sauce"], STOP_ON_FAILURE): Call Test Case 'Test Cases/Login Page/Input Password' successfully

2023-02-15 12:14:59 - [TEST_CASE][PASSED] - Test Cases/Login Page/Input Password: Test Cases/Login Page/Input Password

2023-02-15 12:14:59 - [TEST_STEP][PASSED] - clearText(findTestObject("Login Page/txtfield_password")): Text of object 'Object Repository/Login Page/txtfield_password' is cleared

2023-02-15 12:15:00 - [MESSAGE][PASSED] - Text of object 'Object Repository/Login Page/txtfield_password' is cleared

2023-02-15 12:15:00 - [TEST_STEP][PASSED] - setText(findTestObject("Login Page/txtfield_password"), password): Text 'secret_sauce' is set on object 'Object Repository/Login Page/txtfield_password'

2023-02-15 12:15:00 - [MESSAGE][PASSED] - Text 'secret_sauce' is set on object 'Object Repository/Login Page/txtfield_password'

2023-02-15 12:15:00 - [MESSAGE][PASSED] - Call Test Case 'Test Cases/Login Page/Input Password' successfully

2023-02-15 12:15:00 - [TEST_STEP][PASSED] - callTestCase(findTestCase("Login Page/Click Login"), [:], STOP_ON_FAILURE): Call Test Case 'Test Cases/Login Page/Click Login' successfully

2023-02-15 12:15:01 - [TEST_CASE][PASSED] - Test Cases/Login Page/Click Login: Test Cases/Login Page/Click Login

2023-02-15 12:15:01 - [TEST_STEP][PASSED] - click(findTestObject("Login Page/btn_login")): Object: 'Object Repository/Login Page/btn_login' is clicked on

2023-02-15 12:15:01 - [MESSAGE][PASSED] - Object: 'Object Repository/Login Page/btn_login' is clicked on

2023-02-15 12:15:01 - [MESSAGE][PASSED] - Call Test Case 'Test Cases/Login Page/Click Login' successfully

2023-02-15 12:15:01 - [TEST_STEP][PASSED] - callTestCase(findTestCase("Login Page/Read Error Message"), ["expected":"Epic sadface: Username is required"], STOP_ON_FAILURE): Call Test Case 'Test Cases/Login Page/Read Error Message' successfully

2023-02-15 12:15:01 - [TEST_CASE][PASSED] - Test Cases/Login Page/Read Error Message: Test Cases/Login Page/Read Error Message

2023-02-15 12:15:01 - [TEST_STEP][PASSED] - verifyElementVisible(findTestObject("Login Page/txt_errorMessage")): Object 'Object Repository/Login Page/txt_errorMessage' is visible

2023-02-15 12:15:02 - [MESSAGE][PASSED] - Object 'Object Repository/Login Page/txt_errorMessage' is visible

2023-02-15 12:15:02 - [TEST_STEP][PASSED] - errorText = getText(findTestObject("Login Page/txt_errorMessage")): Text of object 'Object Repository/Login Page/txt_errorMessage' is: 'Epic sadface: Username is required'

2023-02-15 12:15:02 - [MESSAGE][PASSED] - Text of object 'Object Repository/Login Page/txt_errorMessage' is: 'Epic sadface: Username is required'

2023-02-15 12:15:02 - [TEST_STEP][PASSED] - logInfo("Error Text: " + errorText): Error Text: Epic sadface: Username is required

2023-02-15 12:15:02 - [MESSAGE][INFO] - Error Text: Epic sadface: Username is required

2023-02-15 12:15:02 - [TEST_STEP][PASSED] - verifyMatch(errorText, expected, false): Actual text 'Epic sadface: Username is required' and expected text 'Epic sadface: Username is required' are matched 

2023-02-15 12:15:02 - [MESSAGE][PASSED] - Actual text 'Epic sadface: Username is required' and expected text 'Epic sadface: Username is required' are matched 

2023-02-15 12:15:02 - [MESSAGE][PASSED] - Call Test Case 'Test Cases/Login Page/Read Error Message' successfully

2023-02-15 12:15:02 - [TEST_STEP][PASSED] - Start listener action : afterTestCase: Browser is closed

2023-02-15 12:15:02 - [TEST_STEP][PASSED] - logInfo("Test Case: " + testCaseContext.getTestCaseId()): Test Case: Test Cases/Step Definition/Login Feature/LGI003 - User want to login only input registered password

2023-02-15 12:15:02 - [MESSAGE][INFO] - Test Case: Test Cases/Step Definition/Login Feature/LGI003 - User want to login only input registered password

2023-02-15 12:15:02 - [TEST_STEP][PASSED] - closeBrowser(): null

2023-02-15 12:15:02 - [TEST_STEP][PASSED] - closeBrowser(): Browser is closed

2023-02-15 12:15:03 - [MESSAGE][PASSED] - Browser is closed]]></system-out>
         <system-err><![CDATA[]]></system-err>
      </testcase>
      <testcase name="Test Cases/Step Definition/Login Feature/LGI004 - User want to login using incorrect credential" time="10.081" classname="Test Cases/Step Definition/Login Feature/LGI004 - User want to login using incorrect credential" status="PASSED">
         <system-out><![CDATA[2023-02-15 12:15:03 - [TEST_CASE][PASSED] - Test Cases/Step Definition/Login Feature/LGI004 - User want to login using incorrect credential: Test Cases/Step Definition/Login Feature/LGI004 - User want to login using incorrect credential

2023-02-15 12:15:03 - [TEST_STEP][PASSED] - Start listener action : beforeTestCase: Navigate to 'https://www.saucedemo.com/' successfully

2023-02-15 12:15:03 - [TEST_STEP][PASSED] - logInfo("Test Case: " + testCaseContext.getTestCaseId()): Test Case: Test Cases/Step Definition/Login Feature/LGI004 - User want to login using incorrect credential

2023-02-15 12:15:03 - [MESSAGE][INFO] - Test Case: Test Cases/Step Definition/Login Feature/LGI004 - User want to login using incorrect credential

2023-02-15 12:15:03 - [TEST_STEP][PASSED] - openBrowser(): null

2023-02-15 12:15:03 - [TEST_STEP][PASSED] - openBrowser(""): Browser is opened with url: ''

2023-02-15 12:15:03 - [MESSAGE][INFO] - Starting 'Chrome' driver

2023-02-15 12:15:03 - [MESSAGE][INFO] - Action delay is set to 0 milliseconds

2023-02-15 12:15:04 - [MESSAGE][PASSED] - Browser is opened with url: ''

2023-02-15 12:15:04 - [TEST_STEP][PASSED] - navigateToUrl("https://www.saucedemo.com/"): Navigate to 'https://www.saucedemo.com/' successfully

2023-02-15 12:15:05 - [MESSAGE][PASSED] - Navigate to 'https://www.saucedemo.com/' successfully

2023-02-15 12:15:05 - [TEST_STEP][PASSED] - callTestCase(findTestCase("Login Page/Verify Element"), [:], STOP_ON_FAILURE): Call Test Case 'Test Cases/Login Page/Verify Element' successfully

2023-02-15 12:15:05 - [TEST_CASE][PASSED] - Test Cases/Login Page/Verify Element: Test Cases/Login Page/Verify Element

2023-02-15 12:15:05 - [TEST_STEP][PASSED] - verifyElementVisible(findTestObject("Login Page/btn_login")): Object 'Object Repository/Login Page/btn_login' is visible

2023-02-15 12:15:06 - [MESSAGE][PASSED] - Object 'Object Repository/Login Page/btn_login' is visible

2023-02-15 12:15:06 - [TEST_STEP][PASSED] - verifyElementVisible(findTestObject("Login Page/img_robotImage")): Object 'Object Repository/Login Page/img_robotImage' is visible

2023-02-15 12:15:06 - [MESSAGE][PASSED] - Object 'Object Repository/Login Page/img_robotImage' is visible

2023-02-15 12:15:06 - [TEST_STEP][PASSED] - verifyElementVisible(findTestObject("Login Page/img_swaglabsLogo")): Object 'Object Repository/Login Page/img_swaglabsLogo' is visible

2023-02-15 12:15:07 - [MESSAGE][PASSED] - Object 'Object Repository/Login Page/img_swaglabsLogo' is visible

2023-02-15 12:15:07 - [TEST_STEP][PASSED] - verifyElementVisible(findTestObject("Login Page/txtfield_password")): Object 'Object Repository/Login Page/txtfield_password' is visible

2023-02-15 12:15:07 - [MESSAGE][PASSED] - Object 'Object Repository/Login Page/txtfield_password' is visible

2023-02-15 12:15:07 - [TEST_STEP][PASSED] - verifyElementVisible(findTestObject("Login Page/txtfield_username")): Object 'Object Repository/Login Page/txtfield_username' is visible

2023-02-15 12:15:08 - [MESSAGE][PASSED] - Object 'Object Repository/Login Page/txtfield_username' is visible

2023-02-15 12:15:08 - [MESSAGE][PASSED] - Call Test Case 'Test Cases/Login Page/Verify Element' successfully

2023-02-15 12:15:08 - [TEST_STEP][PASSED] - callTestCase(findTestCase("Login Page/Input Username"), ["username":"xxxxxxxx"], STOP_ON_FAILURE): Call Test Case 'Test Cases/Login Page/Input Username' successfully

2023-02-15 12:15:08 - [TEST_CASE][PASSED] - Test Cases/Login Page/Input Username: Test Cases/Login Page/Input Username

2023-02-15 12:15:08 - [TEST_STEP][PASSED] - clearText(findTestObject("Login Page/txtfield_username")): Text of object 'Object Repository/Login Page/txtfield_username' is cleared

2023-02-15 12:15:08 - [MESSAGE][PASSED] - Text of object 'Object Repository/Login Page/txtfield_username' is cleared

2023-02-15 12:15:08 - [TEST_STEP][PASSED] - setText(findTestObject("Login Page/txtfield_username"), username): Text 'xxxxxxxx' is set on object 'Object Repository/Login Page/txtfield_username'

2023-02-15 12:15:09 - [MESSAGE][PASSED] - Text 'xxxxxxxx' is set on object 'Object Repository/Login Page/txtfield_username'

2023-02-15 12:15:09 - [MESSAGE][PASSED] - Call Test Case 'Test Cases/Login Page/Input Username' successfully

2023-02-15 12:15:09 - [TEST_STEP][PASSED] - callTestCase(findTestCase("Login Page/Input Password"), ["password":"xxxxxxxx"], STOP_ON_FAILURE): Call Test Case 'Test Cases/Login Page/Input Password' successfully

2023-02-15 12:15:09 - [TEST_CASE][PASSED] - Test Cases/Login Page/Input Password: Test Cases/Login Page/Input Password

2023-02-15 12:15:09 - [TEST_STEP][PASSED] - clearText(findTestObject("Login Page/txtfield_password")): Text of object 'Object Repository/Login Page/txtfield_password' is cleared

2023-02-15 12:15:10 - [MESSAGE][PASSED] - Text of object 'Object Repository/Login Page/txtfield_password' is cleared

2023-02-15 12:15:10 - [TEST_STEP][PASSED] - setText(findTestObject("Login Page/txtfield_password"), password): Text 'xxxxxxxx' is set on object 'Object Repository/Login Page/txtfield_password'

2023-02-15 12:15:10 - [MESSAGE][PASSED] - Text 'xxxxxxxx' is set on object 'Object Repository/Login Page/txtfield_password'

2023-02-15 12:15:10 - [MESSAGE][PASSED] - Call Test Case 'Test Cases/Login Page/Input Password' successfully

2023-02-15 12:15:10 - [TEST_STEP][PASSED] - callTestCase(findTestCase("Login Page/Click Login"), [:], STOP_ON_FAILURE): Call Test Case 'Test Cases/Login Page/Click Login' successfully

2023-02-15 12:15:11 - [TEST_CASE][PASSED] - Test Cases/Login Page/Click Login: Test Cases/Login Page/Click Login

2023-02-15 12:15:11 - [TEST_STEP][PASSED] - click(findTestObject("Login Page/btn_login")): Object: 'Object Repository/Login Page/btn_login' is clicked on

2023-02-15 12:15:11 - [MESSAGE][PASSED] - Object: 'Object Repository/Login Page/btn_login' is clicked on

2023-02-15 12:15:11 - [MESSAGE][PASSED] - Call Test Case 'Test Cases/Login Page/Click Login' successfully

2023-02-15 12:15:11 - [TEST_STEP][PASSED] - callTestCase(findTestCase("Login Page/Read Error Message"), ["expected":"Epic sadface: Username and password do not match any user in this service"], STOP_ON_FAILURE): Call Test Case 'Test Cases/Login Page/Read Error Message' successfully

2023-02-15 12:15:11 - [TEST_CASE][PASSED] - Test Cases/Login Page/Read Error Message: Test Cases/Login Page/Read Error Message

2023-02-15 12:15:11 - [TEST_STEP][PASSED] - verifyElementVisible(findTestObject("Login Page/txt_errorMessage")): Object 'Object Repository/Login Page/txt_errorMessage' is visible

2023-02-15 12:15:12 - [MESSAGE][PASSED] - Object 'Object Repository/Login Page/txt_errorMessage' is visible

2023-02-15 12:15:12 - [TEST_STEP][PASSED] - errorText = getText(findTestObject("Login Page/txt_errorMessage")): Text of object 'Object Repository/Login Page/txt_errorMessage' is: 'Epic sadface: Username and password do not match any user in this service'

2023-02-15 12:15:12 - [MESSAGE][PASSED] - Text of object 'Object Repository/Login Page/txt_errorMessage' is: 'Epic sadface: Username and password do not match any user in this service'

2023-02-15 12:15:12 - [TEST_STEP][PASSED] - logInfo("Error Text: " + errorText): Error Text: Epic sadface: Username and password do not match any user in this service

2023-02-15 12:15:12 - [MESSAGE][INFO] - Error Text: Epic sadface: Username and password do not match any user in this service

2023-02-15 12:15:12 - [TEST_STEP][PASSED] - verifyMatch(errorText, expected, false): Actual text 'Epic sadface: Username and password do not match any user in this service' and expected text 'Epic sadface: Username and password do not match any user in this service' are matched 

2023-02-15 12:15:12 - [MESSAGE][PASSED] - Actual text 'Epic sadface: Username and password do not match any user in this service' and expected text 'Epic sadface: Username and password do not match any user in this service' are matched 

2023-02-15 12:15:12 - [MESSAGE][PASSED] - Call Test Case 'Test Cases/Login Page/Read Error Message' successfully

2023-02-15 12:15:12 - [TEST_STEP][PASSED] - Start listener action : afterTestCase: Browser is closed

2023-02-15 12:15:12 - [TEST_STEP][PASSED] - logInfo("Test Case: " + testCaseContext.getTestCaseId()): Test Case: Test Cases/Step Definition/Login Feature/LGI004 - User want to login using incorrect credential

2023-02-15 12:15:12 - [MESSAGE][INFO] - Test Case: Test Cases/Step Definition/Login Feature/LGI004 - User want to login using incorrect credential

2023-02-15 12:15:12 - [TEST_STEP][PASSED] - closeBrowser(): null

2023-02-15 12:15:12 - [TEST_STEP][PASSED] - closeBrowser(): Browser is closed

2023-02-15 12:15:13 - [MESSAGE][PASSED] - Browser is closed]]></system-out>
         <system-err><![CDATA[]]></system-err>
      </testcase>
      <testcase name="Test Cases/Step Definition/Login Feature/LGI005 - User want to login using correct credential" time="10.496" classname="Test Cases/Step Definition/Login Feature/LGI005 - User want to login using correct credential" status="PASSED">
         <system-out><![CDATA[2023-02-15 12:15:13 - [TEST_CASE][PASSED] - Test Cases/Step Definition/Login Feature/LGI005 - User want to login using correct credential: Test Cases/Step Definition/Login Feature/LGI005 - User want to login using correct credential

2023-02-15 12:15:13 - [TEST_STEP][PASSED] - Start listener action : beforeTestCase: Navigate to 'https://www.saucedemo.com/' successfully

2023-02-15 12:15:13 - [TEST_STEP][PASSED] - logInfo("Test Case: " + testCaseContext.getTestCaseId()): Test Case: Test Cases/Step Definition/Login Feature/LGI005 - User want to login using correct credential

2023-02-15 12:15:13 - [MESSAGE][INFO] - Test Case: Test Cases/Step Definition/Login Feature/LGI005 - User want to login using correct credential

2023-02-15 12:15:13 - [TEST_STEP][PASSED] - openBrowser(): null

2023-02-15 12:15:13 - [TEST_STEP][PASSED] - openBrowser(""): Browser is opened with url: ''

2023-02-15 12:15:13 - [MESSAGE][INFO] - Starting 'Chrome' driver

2023-02-15 12:15:13 - [MESSAGE][INFO] - Action delay is set to 0 milliseconds

2023-02-15 12:15:14 - [MESSAGE][PASSED] - Browser is opened with url: ''

2023-02-15 12:15:14 - [TEST_STEP][PASSED] - navigateToUrl("https://www.saucedemo.com/"): Navigate to 'https://www.saucedemo.com/' successfully

2023-02-15 12:15:15 - [MESSAGE][PASSED] - Navigate to 'https://www.saucedemo.com/' successfully

2023-02-15 12:15:16 - [TEST_STEP][PASSED] - callTestCase(findTestCase("Login Page/Verify Element"), [:], STOP_ON_FAILURE): Call Test Case 'Test Cases/Login Page/Verify Element' successfully

2023-02-15 12:15:16 - [TEST_CASE][PASSED] - Test Cases/Login Page/Verify Element: Test Cases/Login Page/Verify Element

2023-02-15 12:15:16 - [TEST_STEP][PASSED] - verifyElementVisible(findTestObject("Login Page/btn_login")): Object 'Object Repository/Login Page/btn_login' is visible

2023-02-15 12:15:16 - [MESSAGE][PASSED] - Object 'Object Repository/Login Page/btn_login' is visible

2023-02-15 12:15:16 - [TEST_STEP][PASSED] - verifyElementVisible(findTestObject("Login Page/img_robotImage")): Object 'Object Repository/Login Page/img_robotImage' is visible

2023-02-15 12:15:16 - [MESSAGE][PASSED] - Object 'Object Repository/Login Page/img_robotImage' is visible

2023-02-15 12:15:16 - [TEST_STEP][PASSED] - verifyElementVisible(findTestObject("Login Page/img_swaglabsLogo")): Object 'Object Repository/Login Page/img_swaglabsLogo' is visible

2023-02-15 12:15:17 - [MESSAGE][PASSED] - Object 'Object Repository/Login Page/img_swaglabsLogo' is visible

2023-02-15 12:15:17 - [TEST_STEP][PASSED] - verifyElementVisible(findTestObject("Login Page/txtfield_password")): Object 'Object Repository/Login Page/txtfield_password' is visible

2023-02-15 12:15:17 - [MESSAGE][PASSED] - Object 'Object Repository/Login Page/txtfield_password' is visible

2023-02-15 12:15:17 - [TEST_STEP][PASSED] - verifyElementVisible(findTestObject("Login Page/txtfield_username")): Object 'Object Repository/Login Page/txtfield_username' is visible

2023-02-15 12:15:18 - [MESSAGE][PASSED] - Object 'Object Repository/Login Page/txtfield_username' is visible

2023-02-15 12:15:18 - [MESSAGE][PASSED] - Call Test Case 'Test Cases/Login Page/Verify Element' successfully

2023-02-15 12:15:18 - [TEST_STEP][PASSED] - callTestCase(findTestCase("Login Page/Input Username"), ["username":"standard_user"], STOP_ON_FAILURE): Call Test Case 'Test Cases/Login Page/Input Username' successfully

2023-02-15 12:15:18 - [TEST_CASE][PASSED] - Test Cases/Login Page/Input Username: Test Cases/Login Page/Input Username

2023-02-15 12:15:18 - [TEST_STEP][PASSED] - clearText(findTestObject("Login Page/txtfield_username")): Text of object 'Object Repository/Login Page/txtfield_username' is cleared

2023-02-15 12:15:18 - [MESSAGE][PASSED] - Text of object 'Object Repository/Login Page/txtfield_username' is cleared

2023-02-15 12:15:18 - [TEST_STEP][PASSED] - setText(findTestObject("Login Page/txtfield_username"), username): Text 'standard_user' is set on object 'Object Repository/Login Page/txtfield_username'

2023-02-15 12:15:19 - [MESSAGE][PASSED] - Text 'standard_user' is set on object 'Object Repository/Login Page/txtfield_username'

2023-02-15 12:15:19 - [MESSAGE][PASSED] - Call Test Case 'Test Cases/Login Page/Input Username' successfully

2023-02-15 12:15:19 - [TEST_STEP][PASSED] - callTestCase(findTestCase("Login Page/Input Password"), ["password":"secret_sauce"], STOP_ON_FAILURE): Call Test Case 'Test Cases/Login Page/Input Password' successfully

2023-02-15 12:15:19 - [TEST_CASE][PASSED] - Test Cases/Login Page/Input Password: Test Cases/Login Page/Input Password

2023-02-15 12:15:19 - [TEST_STEP][PASSED] - clearText(findTestObject("Login Page/txtfield_password")): Text of object 'Object Repository/Login Page/txtfield_password' is cleared

2023-02-15 12:15:19 - [MESSAGE][PASSED] - Text of object 'Object Repository/Login Page/txtfield_password' is cleared

2023-02-15 12:15:19 - [TEST_STEP][PASSED] - setText(findTestObject("Login Page/txtfield_password"), password): Text 'secret_sauce' is set on object 'Object Repository/Login Page/txtfield_password'

2023-02-15 12:15:20 - [MESSAGE][PASSED] - Text 'secret_sauce' is set on object 'Object Repository/Login Page/txtfield_password'

2023-02-15 12:15:20 - [MESSAGE][PASSED] - Call Test Case 'Test Cases/Login Page/Input Password' successfully

2023-02-15 12:15:20 - [TEST_STEP][PASSED] - callTestCase(findTestCase("Login Page/Click Login"), [:], STOP_ON_FAILURE): Call Test Case 'Test Cases/Login Page/Click Login' successfully

2023-02-15 12:15:20 - [TEST_CASE][PASSED] - Test Cases/Login Page/Click Login: Test Cases/Login Page/Click Login

2023-02-15 12:15:20 - [TEST_STEP][PASSED] - click(findTestObject("Login Page/btn_login")): Object: 'Object Repository/Login Page/btn_login' is clicked on

2023-02-15 12:15:21 - [MESSAGE][PASSED] - Object: 'Object Repository/Login Page/btn_login' is clicked on

2023-02-15 12:15:21 - [MESSAGE][PASSED] - Call Test Case 'Test Cases/Login Page/Click Login' successfully

2023-02-15 12:15:21 - [TEST_STEP][PASSED] - callTestCase(findTestCase("Home Page/Read Title Page"), ["expected":"PRODUCTS"], STOP_ON_FAILURE): Call Test Case 'Test Cases/Home Page/Read Title Page' successfully

2023-02-15 12:15:21 - [TEST_CASE][PASSED] - Test Cases/Home Page/Read Title Page: Test Cases/Home Page/Read Title Page

2023-02-15 12:15:22 - [TEST_STEP][PASSED] - verifyElementVisible(findTestObject("Home Page/titlePage_PRODUCTS")): Object 'Object Repository/Home Page/titlePage_PRODUCTS' is visible

2023-02-15 12:15:22 - [MESSAGE][PASSED] - Object 'Object Repository/Home Page/titlePage_PRODUCTS' is visible

2023-02-15 12:15:22 - [TEST_STEP][PASSED] - titlePage = getText(findTestObject("Home Page/titlePage_PRODUCTS")): Text of object 'Object Repository/Home Page/titlePage_PRODUCTS' is: 'PRODUCTS'

2023-02-15 12:15:23 - [MESSAGE][PASSED] - Text of object 'Object Repository/Home Page/titlePage_PRODUCTS' is: 'PRODUCTS'

2023-02-15 12:15:23 - [TEST_STEP][PASSED] - logInfo("Title Page: " + titlePage): Title Page: PRODUCTS

2023-02-15 12:15:23 - [MESSAGE][INFO] - Title Page: PRODUCTS

2023-02-15 12:15:23 - [TEST_STEP][PASSED] - verifyMatch(titlePage, expected, false): Actual text 'PRODUCTS' and expected text 'PRODUCTS' are matched 

2023-02-15 12:15:23 - [MESSAGE][PASSED] - Actual text 'PRODUCTS' and expected text 'PRODUCTS' are matched 

2023-02-15 12:15:23 - [MESSAGE][PASSED] - Call Test Case 'Test Cases/Home Page/Read Title Page' successfully

2023-02-15 12:15:23 - [TEST_STEP][PASSED] - Start listener action : afterTestCase: Browser is closed

2023-02-15 12:15:23 - [TEST_STEP][PASSED] - logInfo("Test Case: " + testCaseContext.getTestCaseId()): Test Case: Test Cases/Step Definition/Login Feature/LGI005 - User want to login using correct credential

2023-02-15 12:15:23 - [MESSAGE][INFO] - Test Case: Test Cases/Step Definition/Login Feature/LGI005 - User want to login using correct credential

2023-02-15 12:15:23 - [TEST_STEP][PASSED] - closeBrowser(): null

2023-02-15 12:15:23 - [TEST_STEP][PASSED] - closeBrowser(): Browser is closed

2023-02-15 12:15:23 - [MESSAGE][PASSED] - Browser is closed]]></system-out>
         <system-err><![CDATA[]]></system-err>
      </testcase>
      <system-out><![CDATA[2023-02-15 12:14:25 - [TEST_SUITE][PASSED] - Login Feature: Test Cases/Step Definition/Login Feature/LGI005 - User want to login using correct credential]]></system-out>
      <system-err><![CDATA[]]></system-err>
   </testsuite>
</testsuites>
